<?xml version="1.0" encoding="UTF-8"?>
<!-- Generated by org.testng.reporters.JUnitXMLReporter -->
<testsuite ignored="1" hostname="Chinmay-Surface" failures="0" tests="3" name="Test" time="0.096" errors="0" timestamp="2022-07-28T16:13:54 EDT">
  <testcase classname="tests.Test1Testng" name="test1" time="0.007"/>
  <testcase classname="tests.Test2Testng" name="test3" time="0.002"/>
  <testcase classname="tests.Test2Testng" name="test4" time="0.002"/>
  <testcase classname="tests.Test1Testng" name="test2" time="0.0">
    <ignored/>
  </testcase> <!-- test2 -->
</testsuite> <!-- Test -->
