<?xml version="1.0" encoding="UTF-8"?>
<testng-results ignored="0" total="2" passed="2" failed="0" skipped="0">
  <reporter-output>
  </reporter-output>
  <suite started-at="2022-07-29T11:29:03 EDT" name="Default suite" finished-at="2022-07-29T11:29:14 EDT" duration-ms="10311">
    <groups>
    </groups>
    <test started-at="2022-07-29T11:29:03 EDT" name="Default test" finished-at="2022-07-29T11:29:14 EDT" duration-ms="10311">
      <class name="tests.TestLoginLogout2">
        <test-method signature="testloginlogout(java.lang.String,java.lang.String)[pri:0, instance:tests.TestLoginLogout2@6340e5f0]" started-at="2022-07-29T11:29:04 EDT" name="testloginlogout" data-provider="dataprovider1" finished-at="2022-07-29T11:29:10 EDT" duration-ms="6375" status="PASS">
          <params>
            <param index="0">
              <value>
                <![CDATA[Admin]]>
              </value>
            </param>
            <param index="1">
              <value>
                <![CDATA[admin123]]>
              </value>
            </param>
          </params>
          <reporter-output>
          </reporter-output>
        </test-method> <!-- testloginlogout -->
        <test-method signature="testloginlogout(java.lang.String,java.lang.String)[pri:0, instance:tests.TestLoginLogout2@6340e5f0]" started-at="2022-07-29T11:29:10 EDT" name="testloginlogout" data-provider="dataprovider1" finished-at="2022-07-29T11:29:14 EDT" duration-ms="3842" status="PASS">
          <params>
            <param index="0">
              <value>
                <![CDATA[Admin]]>
              </value>
            </param>
            <param index="1">
              <value>
                <![CDATA[admin123]]>
              </value>
            </param>
          </params>
          <reporter-output>
          </reporter-output>
        </test-method> <!-- testloginlogout -->
      </class> <!-- tests.TestLoginLogout2 -->
    </test> <!-- Default test -->
  </suite> <!-- Default suite -->
</testng-results>
